<?xml version="1.0" encoding="UTF-8"?>
<!-- Generated by org.testng.reporters.JUnitReportReporter -->
<testsuite hostname="LAPTOP-6ETMCADA" failures="0" tests="1" name="TestLayer.LoginPageTest" time="0.440" errors="0" timestamp="2024-07-17T15:30:35 IST" skipped="0">
  <testcase classname="TestLayer.LoginPageTest" name="validate" time="0.440"/>
  <system-out/>
</testsuite> <!-- TestLayer.LoginPageTest -->
