<?xml version="1.0" encoding="UTF-8"?>
<!-- Generated by org.testng.reporters.JUnitReportReporter -->
<testsuite hostname="Swapnils-MacBook-Pro.local" failures="0" tests="1" name="TestLayer.LoginPageTest" time="0.169" errors="0" timestamp="2024-07-17T15:38:18 IST" skipped="0">
  <testcase classname="TestLayer.LoginPageTest" name="validate" time="0.169"/>
  <system-out/>
</testsuite> <!-- TestLayer.LoginPageTest -->
