<?xml version="1.0" encoding="UTF-8"?>
<!-- Generated by org.testng.reporters.JUnitReportReporter -->
<testsuite hostname="DESKTOP-BV0MVSC" failures="0" tests="1" name="TestLayer.LoginPageTest" time="1.802" errors="0" timestamp="2024-07-17T15:08:21 IST" skipped="0">
  <testcase classname="TestLayer.LoginPageTest" name="validate" time="1.802"/>
  <system-out/>
</testsuite> <!-- TestLayer.LoginPageTest -->
